[0.351s] Invoking command in '/home/gizemgunes/ros2_ws/src/camera': PYTHONPATH=/home/gizemgunes/ros2_ws/build/camera/prefix_override:/home/gizemgunes/ros2_ws/install/camera/lib/python3.10/site-packages:${PYTHONPATH} /usr/bin/python3 setup.py egg_info --egg-base ../../build/camera build --build-base /home/gizemgunes/ros2_ws/build/camera/build install --record /home/gizemgunes/ros2_ws/build/camera/install.log --single-version-externally-managed
[0.488s] running egg_info
[0.488s] writing ../../build/camera/camera.egg-info/PKG-INFO
[0.488s] writing dependency_links to ../../build/camera/camera.egg-info/dependency_links.txt
[0.488s] writing entry points to ../../build/camera/camera.egg-info/entry_points.txt
[0.488s] writing requirements to ../../build/camera/camera.egg-info/requires.txt
[0.488s] writing top-level names to ../../build/camera/camera.egg-info/top_level.txt
[0.489s] reading manifest file '../../build/camera/camera.egg-info/SOURCES.txt'
[0.490s] writing manifest file '../../build/camera/camera.egg-info/SOURCES.txt'
[0.490s] running build
[0.490s] running build_py
[0.490s] running install
[0.490s] running install_lib
[0.490s] running install_data
[0.491s] running install_egg_info
[0.492s] removing '/home/gizemgunes/ros2_ws/install/camera/lib/python3.10/site-packages/camera-0.0.0-py3.10.egg-info' (and everything under it)
[0.492s] Copying ../../build/camera/camera.egg-info to /home/gizemgunes/ros2_ws/install/camera/lib/python3.10/site-packages/camera-0.0.0-py3.10.egg-info
[0.492s] running install_scripts
[0.503s] Installing camera_motor script to /home/gizemgunes/ros2_ws/install/camera/lib/camera
[0.503s] writing list of installed files to '/home/gizemgunes/ros2_ws/build/camera/install.log'
[0.519s] Invoked command in '/home/gizemgunes/ros2_ws/src/camera' returned '0': PYTHONPATH=/home/gizemgunes/ros2_ws/build/camera/prefix_override:/home/gizemgunes/ros2_ws/install/camera/lib/python3.10/site-packages:${PYTHONPATH} /usr/bin/python3 setup.py egg_info --egg-base ../../build/camera build --build-base /home/gizemgunes/ros2_ws/build/camera/build install --record /home/gizemgunes/ros2_ws/build/camera/install.log --single-version-externally-managed
