[0.325s] Invoking command in '/home/gizemgunes/ros2_ws/src/camera': PYTHONPATH=/home/gizemgunes/ros2_ws/build/camera/prefix_override:/home/gizemgunes/ros2_ws/install/camera/lib/python3.10/site-packages:${PYTHONPATH} /usr/bin/python3 setup.py egg_info --egg-base ../../build/camera build --build-base /home/gizemgunes/ros2_ws/build/camera/build install --record /home/gizemgunes/ros2_ws/build/camera/install.log --single-version-externally-managed
[0.452s] running egg_info
[0.452s] writing ../../build/camera/camera.egg-info/PKG-INFO
[0.452s] writing dependency_links to ../../build/camera/camera.egg-info/dependency_links.txt
[0.452s] writing entry points to ../../build/camera/camera.egg-info/entry_points.txt
[0.452s] writing requirements to ../../build/camera/camera.egg-info/requires.txt
[0.452s] writing top-level names to ../../build/camera/camera.egg-info/top_level.txt
[0.453s] reading manifest file '../../build/camera/camera.egg-info/SOURCES.txt'
[0.454s] writing manifest file '../../build/camera/camera.egg-info/SOURCES.txt'
[0.454s] running build
[0.454s] running build_py
[0.454s] running install
[0.454s] /usr/lib/python3/dist-packages/setuptools/command/install.py:34: SetuptoolsDeprecationWarning: setup.py install is deprecated. Use build and pip and other standards-based tools.
[0.454s]   warnings.warn(
[0.454s] running install_lib
[0.455s] running install_data
[0.455s] running install_egg_info
[0.456s] removing '/home/gizemgunes/ros2_ws/install/camera/lib/python3.10/site-packages/camera-0.0.0-py3.10.egg-info' (and everything under it)
[0.456s] Copying ../../build/camera/camera.egg-info to /home/gizemgunes/ros2_ws/install/camera/lib/python3.10/site-packages/camera-0.0.0-py3.10.egg-info
[0.456s] running install_scripts
[0.468s] Installing camera_motor script to /home/gizemgunes/ros2_ws/install/camera/lib/camera
[0.468s] writing list of installed files to '/home/gizemgunes/ros2_ws/build/camera/install.log'
[0.482s] Invoked command in '/home/gizemgunes/ros2_ws/src/camera' returned '0': PYTHONPATH=/home/gizemgunes/ros2_ws/build/camera/prefix_override:/home/gizemgunes/ros2_ws/install/camera/lib/python3.10/site-packages:${PYTHONPATH} /usr/bin/python3 setup.py egg_info --egg-base ../../build/camera build --build-base /home/gizemgunes/ros2_ws/build/camera/build install --record /home/gizemgunes/ros2_ws/build/camera/install.log --single-version-externally-managed
