[0.350s] Invoking command in '/home/gizemgunes/ros2_ws/src/camera': PYTHONPATH=/home/gizemgunes/ros2_ws/build/camera/prefix_override:/home/gizemgunes/ros2_ws/install/camera/lib/python3.10/site-packages:${PYTHONPATH} /usr/bin/python3 setup.py egg_info --egg-base ../../build/camera build --build-base /home/gizemgunes/ros2_ws/build/camera/build install --record /home/gizemgunes/ros2_ws/build/camera/install.log --single-version-externally-managed
[0.487s] running egg_info
[0.487s] writing ../../build/camera/camera.egg-info/PKG-INFO
[0.487s] writing dependency_links to ../../build/camera/camera.egg-info/dependency_links.txt
[0.487s] writing entry points to ../../build/camera/camera.egg-info/entry_points.txt
[0.487s] writing requirements to ../../build/camera/camera.egg-info/requires.txt
[0.487s] writing top-level names to ../../build/camera/camera.egg-info/top_level.txt
[0.488s] reading manifest file '../../build/camera/camera.egg-info/SOURCES.txt'
[0.489s] writing manifest file '../../build/camera/camera.egg-info/SOURCES.txt'
[0.489s] running build
[0.489s] running build_py
[0.489s] copying camera/client.py -> /home/gizemgunes/ros2_ws/build/camera/build/lib/camera
[0.489s] running install
[0.489s] running install_lib
[0.489s] copying /home/gizemgunes/ros2_ws/build/camera/build/lib/camera/client.py -> /home/gizemgunes/ros2_ws/install/camera/lib/python3.10/site-packages/camera
[0.490s] byte-compiling /home/gizemgunes/ros2_ws/install/camera/lib/python3.10/site-packages/camera/client.py to client.cpython-310.pyc
[0.490s] running install_data
[0.490s] running install_egg_info
[0.491s] removing '/home/gizemgunes/ros2_ws/install/camera/lib/python3.10/site-packages/camera-0.0.0-py3.10.egg-info' (and everything under it)
[0.491s] Copying ../../build/camera/camera.egg-info to /home/gizemgunes/ros2_ws/install/camera/lib/python3.10/site-packages/camera-0.0.0-py3.10.egg-info
[0.492s] running install_scripts
[0.504s] Installing camera_motor script to /home/gizemgunes/ros2_ws/install/camera/lib/camera
[0.504s] Installing client script to /home/gizemgunes/ros2_ws/install/camera/lib/camera
[0.504s] writing list of installed files to '/home/gizemgunes/ros2_ws/build/camera/install.log'
[0.537s] Invoked command in '/home/gizemgunes/ros2_ws/src/camera' returned '0': PYTHONPATH=/home/gizemgunes/ros2_ws/build/camera/prefix_override:/home/gizemgunes/ros2_ws/install/camera/lib/python3.10/site-packages:${PYTHONPATH} /usr/bin/python3 setup.py egg_info --egg-base ../../build/camera build --build-base /home/gizemgunes/ros2_ws/build/camera/build install --record /home/gizemgunes/ros2_ws/build/camera/install.log --single-version-externally-managed
