running egg_info
creating ../../build/camera/camera.egg-info
writing ../../build/camera/camera.egg-info/PKG-INFO
writing dependency_links to ../../build/camera/camera.egg-info/dependency_links.txt
writing entry points to ../../build/camera/camera.egg-info/entry_points.txt
writing requirements to ../../build/camera/camera.egg-info/requires.txt
writing top-level names to ../../build/camera/camera.egg-info/top_level.txt
writing manifest file '../../build/camera/camera.egg-info/SOURCES.txt'
reading manifest file '../../build/camera/camera.egg-info/SOURCES.txt'
writing manifest file '../../build/camera/camera.egg-info/SOURCES.txt'
running build
running build_py
creating /home/gizemgunes/ros2_ws/build/camera/build
creating /home/gizemgunes/ros2_ws/build/camera/build/lib
creating /home/gizemgunes/ros2_ws/build/camera/build/lib/camera
copying camera/camera_motor.py -> /home/gizemgunes/ros2_ws/build/camera/build/lib/camera
copying camera/__init__.py -> /home/gizemgunes/ros2_ws/build/camera/build/lib/camera
running install
/usr/lib/python3/dist-packages/setuptools/command/install.py:34: SetuptoolsDeprecationWarning: setup.py install is deprecated. Use build and pip and other standards-based tools.
  warnings.warn(
running install_lib
creating /home/gizemgunes/ros2_ws/install/camera/lib/python3.10/site-packages/camera
copying /home/gizemgunes/ros2_ws/build/camera/build/lib/camera/camera_motor.py -> /home/gizemgunes/ros2_ws/install/camera/lib/python3.10/site-packages/camera
copying /home/gizemgunes/ros2_ws/build/camera/build/lib/camera/__init__.py -> /home/gizemgunes/ros2_ws/install/camera/lib/python3.10/site-packages/camera
byte-compiling /home/gizemgunes/ros2_ws/install/camera/lib/python3.10/site-packages/camera/camera_motor.py to camera_motor.cpython-310.pyc
byte-compiling /home/gizemgunes/ros2_ws/install/camera/lib/python3.10/site-packages/camera/__init__.py to __init__.cpython-310.pyc
running install_data
creating /home/gizemgunes/ros2_ws/install/camera/share/ament_index
creating /home/gizemgunes/ros2_ws/install/camera/share/ament_index/resource_index
creating /home/gizemgunes/ros2_ws/install/camera/share/ament_index/resource_index/packages
copying resource/camera -> /home/gizemgunes/ros2_ws/install/camera/share/ament_index/resource_index/packages
copying package.xml -> /home/gizemgunes/ros2_ws/install/camera/share/camera
running install_egg_info
Copying ../../build/camera/camera.egg-info to /home/gizemgunes/ros2_ws/install/camera/lib/python3.10/site-packages/camera-0.0.0-py3.10.egg-info
running install_scripts
Installing camera_motor script to /home/gizemgunes/ros2_ws/install/camera/lib/camera
writing list of installed files to '/home/gizemgunes/ros2_ws/build/camera/install.log'
